\BOOKMARK [1][-]{section.1}{Background\040of\040Serial\040Correlation}{}% 1
\BOOKMARK [2][-]{subsection.1.1}{Definition}{section.1}% 2
\BOOKMARK [2][-]{subsection.1.2}{Literature\040Review}{section.1}% 3
\BOOKMARK [1][-]{section.2}{Asset\040Description}{}% 4
\BOOKMARK [1][-]{section.3}{Statistical\040Summary}{}% 5
\BOOKMARK [2][-]{subsection.3.1}{Statistics}{section.3}% 6
\BOOKMARK [2][-]{subsection.3.2}{Summary}{section.3}% 7
\BOOKMARK [3][-]{subsubsection.3.2.1}{Returns}{subsection.3.2}% 8
\BOOKMARK [3][-]{subsubsection.3.2.2}{Statistical\040summary}{subsection.3.2}% 9
\BOOKMARK [1][-]{section.4}{Risk\040Diagnostics}{}% 10
\BOOKMARK [2][-]{subsection.4.1}{VaR\040&\040ES}{section.4}% 11
\BOOKMARK [1][-]{section.5}{Time\040Varying\040Risk\040Diagnostics}{}% 12
\BOOKMARK [2][-]{subsection.5.1}{Time\040varying\040maximum\040drawdown}{section.5}% 13
\BOOKMARK [2][-]{subsection.5.2}{Time\040varying\040volatility,\040VaR\040and\040ES}{section.5}% 14
\BOOKMARK [2][-]{subsection.5.3}{Time\040varying\040CED}{section.5}% 15
\BOOKMARK [1][-]{section.6}{Regime\040Switching\040Model}{}% 16
\BOOKMARK [2][-]{subsection.6.1}{Comparison\040of\040basic\040summary\040of\040two\040regimes}{section.6}% 17
\BOOKMARK [2][-]{subsection.6.2}{Detailed\040analysis\040\(Take\040RMZ\040as\040an\040example\)}{section.6}% 18
\BOOKMARK [3][-]{subsubsection.6.2.1}{Summary}{subsection.6.2}% 19
\BOOKMARK [3][-]{subsubsection.6.2.2}{Risk\040diagnostics}{subsection.6.2}% 20
\BOOKMARK [3][-]{subsubsection.6.2.3}{Rolling\040risk\040diagnostics}{subsection.6.2}% 21
\BOOKMARK [1][-]{section.7}{Time Series – ARMA model}{}% 22
\BOOKMARK [2][-]{subsection.7.1}{Explortary\040Step}{section.7}% 23
\BOOKMARK [3][-]{subsubsection.7.1.1}{AR\(1\)}{subsection.7.1}% 24
\BOOKMARK [3][-]{subsubsection.7.1.2}{MA\(1\)}{subsection.7.1}% 25
\BOOKMARK [3][-]{subsubsection.7.1.3}{ARMA\(1,1\)}{subsection.7.1}% 26
\BOOKMARK [2][-]{subsection.7.2}{Model\040Selection}{section.7}% 27
\BOOKMARK [3][-]{subsubsection.7.2.1}{EXAMPLE:\040RMZ\040data}{subsection.7.2}% 28
\BOOKMARK [1][-]{section.8}{Time Series – GARCH model}{}% 29
\BOOKMARK [2][-]{subsection.8.1}{Introduction}{section.8}% 30
\BOOKMARK [2][-]{subsection.8.2}{Fit\040Garch\040Model}{section.8}% 31
\BOOKMARK [3][-]{subsubsection.8.2.1}{RMZ}{subsection.8.2}% 32
\BOOKMARK [3][-]{subsubsection.8.2.2}{SPX}{subsection.8.2}% 33
\BOOKMARK [3][-]{subsubsection.8.2.3}{Best\040ARIMA\040Model\040for\040all\040the\040U.S.\040Assets\040}{subsection.8.2}% 34
\BOOKMARK [2][-]{subsection.8.3}{Best\040GARCH\040Model\040for\040all\040the\040U.S.\040Assets}{section.8}% 35
\BOOKMARK [1][-]{section.9}{Analysis\040of\040weekly\040and\040monthly\040return\040frequencies}{}% 36
\BOOKMARK [2][-]{subsection.9.1}{Serial\040correaltion}{section.9}% 37
\BOOKMARK [2][-]{subsection.9.2}{Risk\040measures}{section.9}% 38
\BOOKMARK [1][-]{section.10}{Appendix:\040Plot\040and\040Tables}{}% 39
